<?xml version="1.0" encoding="UTF-8"?>
<!-- Generated by org.testng.reporters.JUnitReportReporter -->
<testsuite hostname="Nishchay" failures="0" tests="3" name="AutomationTesting.Tests.ErrorValidationsTest" time="37.771" errors="0" timestamp="2024-05-25T12:56:28 IST" skipped="1">
  <testcase classname="AutomationTesting.Tests.ErrorValidationsTest" name="LoginErrorValidation" time="27.521">
    <skipped/>
  </testcase> <!-- LoginErrorValidation -->
  <system-out/>
  <testcase classname="AutomationTesting.Tests.ErrorValidationsTest" name="LoginErrorValidation" time="3.812"/>
  <system-out/>
  <testcase classname="AutomationTesting.Tests.ErrorValidationsTest" name="ProductErrorValidation" time="6.438"/>
  <system-out/>
</testsuite> <!-- AutomationTesting.Tests.ErrorValidationsTest -->
