<?xml version="1.0" encoding="UTF-8"?>
<!-- Generated by org.testng.reporters.JUnitReportReporter -->
<testsuite hostname="Nishchay" failures="0" tests="3" name="AutomationTesting.Tests.SubmitOrderTest" time="22.888" errors="0" timestamp="2024-05-25T12:56:28 IST" skipped="0">
  <testcase classname="AutomationTesting.Tests.SubmitOrderTest" name="submitOrder" time="7.895"/>
  <system-out/>
  <testcase classname="AutomationTesting.Tests.SubmitOrderTest" name="orderHistoryTest" time="7.192"/>
  <system-out/>
  <testcase classname="AutomationTesting.Tests.SubmitOrderTest" name="submitOrder" time="7.801"/>
  <system-out/>
</testsuite> <!-- AutomationTesting.Tests.SubmitOrderTest -->
