<?xml version="1.0" encoding="UTF-8"?>
<!-- Generated by org.testng.reporters.JUnitReportReporter -->
<testsuite hostname="Nishchay" failures="0" tests="2" name="AutomationTesting.Tests.ErrorValidationsTest" time="14.958" errors="0" timestamp="2024-05-25T17:08:41 IST" skipped="0">
  <testcase classname="AutomationTesting.Tests.ErrorValidationsTest" name="ProductErrorValidation" time="11.766"/>
  <system-out/>
  <testcase classname="AutomationTesting.Tests.ErrorValidationsTest" name="LoginErrorValidation" time="3.192"/>
  <system-out/>
</testsuite> <!-- AutomationTesting.Tests.ErrorValidationsTest -->
