<?xml version="1.0" encoding="UTF-8"?>
<!-- Generated by org.testng.reporters.JUnitReportReporter -->
<testsuite hostname="Nishchay" failures="0" tests="3" name="AutomationTesting.Tests.SubmitOrderTest" time="22.896" errors="0" timestamp="2024-05-25T17:08:41 IST" skipped="0">
  <testcase classname="AutomationTesting.Tests.SubmitOrderTest" name="submitOrder" time="6.724"/>
  <system-out/>
  <testcase classname="AutomationTesting.Tests.SubmitOrderTest" name="orderHistoryTest" time="8.920"/>
  <system-out/>
  <testcase classname="AutomationTesting.Tests.SubmitOrderTest" name="submitOrder" time="7.252"/>
  <system-out/>
</testsuite> <!-- AutomationTesting.Tests.SubmitOrderTest -->
